[Licensing::Module] Trying to connect to existing licensing client channel...
Built from '6000.2/staging' branch; Version is '6000.2.2f1 (ea398eefe1c2) revision 15350158'; Using compiler version '194234433'; Build Type 'Release'
[Licensing::IpcConnector] Successfully connected to: "LicenseClient-Xboxi" at "2025-12-09T07:46:59.6404842Z"
OS: 'Windows 10  (10.0.19045) 64bit Professional' Language: 'en' Physical Memory: 32676 MB
BatchMode: 1, IsHumanControllingUs: 0, StartBugReporterOnCrash: 0, Is64bit: 1
Date: 2025-12-09T07:46:59Z

COMMAND LINE ARGUMENTS:
C:\Program Files\Unity\Hub\Editor\6000.2.2f1\Editor\Unity.exe
-adb2
-batchMode
-noUpm
-name
AssetImportWorker0
-projectPath
E:/3DTVRepo/ICS-685-3D#/CC2025-URP
-logFile
Logs/AssetImportWorker0.log
-srvPort
57476
-licensingIpc
LicenseClient-Xboxi
-job-worker-count
7
-background-job-worker-count
8
-gc-helper-count
1
-name
AssetImport
Successfully changed project path to: E:/3DTVRepo/ICS-685-3D#/CC2025-URP
E:/3DTVRepo/ICS-685-3D#/CC2025-URP
[UnityMemory] Configuration Parameters - Can be set up in boot.config
    "memorysetup-allocator-temp-initial-block-size-main=262144"
    "memorysetup-allocator-temp-initial-block-size-worker=262144"
    "memorysetup-bucket-allocator-granularity=16"
    "memorysetup-bucket-allocator-bucket-count=8"
    "memorysetup-bucket-allocator-block-size=33554432"
    "memorysetup-bucket-allocator-block-count=8"
    "memorysetup-main-allocator-block-size=16777216"
    "memorysetup-thread-allocator-block-size=16777216"
    "memorysetup-gfx-main-allocator-block-size=16777216"
    "memorysetup-gfx-thread-allocator-block-size=16777216"
    "memorysetup-cache-allocator-block-size=4194304"
    "memorysetup-typetree-allocator-block-size=2097152"
    "memorysetup-profiler-bucket-allocator-granularity=16"
    "memorysetup-profiler-bucket-allocator-bucket-count=8"
    "memorysetup-profiler-bucket-allocator-block-size=33554432"
    "memorysetup-profiler-bucket-allocator-block-count=8"
    "memorysetup-profiler-allocator-block-size=16777216"
    "memorysetup-profiler-editor-allocator-block-size=1048576"
    "memorysetup-temp-allocator-size-main=16777216"
    "memorysetup-job-temp-allocator-block-size=2097152"
    "memorysetup-job-temp-allocator-block-size-background=1048576"
    "memorysetup-job-temp-allocator-reduction-small-platforms=262144"
    "memorysetup-temp-allocator-size-background-worker=32768"
    "memorysetup-temp-allocator-size-job-worker=262144"
    "memorysetup-temp-allocator-size-preload-manager=33554432"
    "memorysetup-temp-allocator-size-nav-mesh-worker=65536"
    "memorysetup-temp-allocator-size-audio-worker=65536"
    "memorysetup-temp-allocator-size-cloud-worker=32768"
    "memorysetup-temp-allocator-size-gi-baking-worker=262144"
    "memorysetup-temp-allocator-size-gi-baking-worker=262144"
    "memorysetup-temp-allocator-size-gi-baking-worker=262144"
    "memorysetup-temp-allocator-size-gi-baking-worker=262144"
    "memorysetup-temp-allocator-size-gi-baking-worker=262144"
    "memorysetup-temp-allocator-size-gfx=262144"
Player connection [3476]  Target information:

Player connection [3476]  * "[IP] 192.168.231.1 [Port] 0 [Flags] 2 [Guid] 1872182754 [EditorId] 1872182754 [Version] 1048832 [Id] WindowsEditor(7,DESKTOP-19Q8KE8) [Debug] 1 [PackageName] WindowsEditor [ProjectName] Editor" 

Player connection [3476]  * "[IP] 192.168.153.1 [Port] 0 [Flags] 2 [Guid] 1872182754 [EditorId] 1872182754 [Version] 1048832 [Id] WindowsEditor(7,DESKTOP-19Q8KE8) [Debug] 1 [PackageName] WindowsEditor [ProjectName] Editor" 

Player connection [3476]  * "[IP] 192.168.1.7 [Port] 0 [Flags] 2 [Guid] 1872182754 [EditorId] 1872182754 [Version] 1048832 [Id] WindowsEditor(7,DESKTOP-19Q8KE8) [Debug] 1 [PackageName] WindowsEditor [ProjectName] Editor" 

Player connection [3476] Host joined multi-casting on [225.0.0.222:54997]...
Player connection [3476] Host joined alternative multi-casting on [225.0.0.222:34997]...
JobSystem: Creating JobQueue using job-worker-count value 7
Input System module state changed to: Initialized.
[Physics::Module] Initialized fallback backend.
[Physics::Module] Id: 0xdecafbad
[Licensing::Client] Code 10 while verifying Licensing Client signature (process Id: 2332, path: "C:/Program Files/Unity Hub/UnityLicensingClient_V1/Unity.Licensing.Client.exe")
[Licensing::Module] LicensingClient has failed validation; ignoring
[Licensing::Client] Error: HandshakeResponse reported an error:
	ResponseCode: 505
	ResponseStatus: Unsupported protocol version '1.17.2'.
[Licensing::Module] Error: Failed to handshake to channel: "LicenseClient-Xboxi"
[Licensing::IpcConnector] LicenseClient-Xboxi channel disconnected successfully.
[Licensing::IpcConnector] Successfully connected to: "LicenseClient-Xboxi-6000.2.2" at "2025-12-09T07:46:59.6730674Z"
[Licensing::Client] Code 10 while verifying Licensing Client signature (process Id: 11956, path: "C:/Program Files/Unity/Hub/Editor/6000.2.2f1/Editor/Data/Resources/Licensing/Client/Unity.Licensing.Client.exe")
[Licensing::Module] LicensingClient has failed validation; ignoring
[Licensing::Client] Handshaking with LicensingClient:
  Version:                 1.17.2+ff71f16
  Session Id:              fa3f88169b444fc3b576d25afcf211f0
  Correlation Id:          6688dd2a072e7588d307cdbe4a34e217
  External correlation Id: 5345257923165401164
  Machine Id:              dP/jaG/fzr6vRelm5PP0Ly8NOao=
[Licensing::Module] Successfully connected to LicensingClient on channel: "LicenseClient-Xboxi-6000.2.2" (connect: 0.00s, validation: 0.00s, handshake: 0.01s)
[Licensing::IpcConnector] Successfully connected to: "LicenseClient-Xboxi-6000.2.2-notifications" at "2025-12-09T07:46:59.6827992Z"
[Licensing::Module] Licensing Background thread has ended after 0.04s
Library Redirect Path: Library/
[Physics::Module] Selected backend.
[Physics::Module] Name: PhysX
[Physics::Module] Id: 0xf2b8ea05
[Physics::Module] SDK Version: 4.1.2
[Physics::Module] Integration Version: 1.0.0
[Physics::Module] Threading Mode: Multi-Threaded
Refreshing native plugins compatible for Editor in 2.88 ms, found 3 plugins.
Preloading 0 native plugins for Editor in 0.00 ms.
Initialize engine version: 6000.2.2f1 (ea398eefe1c2)
[Subsystems] Discovering subsystems at path C:/Program Files/Unity/Hub/Editor/6000.2.2f1/Editor/Data/Resources/UnitySubsystems
[Subsystems] Discovering subsystems at path E:/3DTVRepo/ICS-685-3D#/CC2025-URP/Assets
GfxDevice: creating device client; kGfxThreadingModeNonThreaded
Direct3D:
    Version:  Direct3D 11.0 [level 11.1]
    Renderer: NVIDIA GeForce RTX 3060 (ID=0x2503)
    Vendor:   NVIDIA
    VRAM:     12115 MB
    Driver:   32.0.15.8129
Initialize mono
Mono path[0] = 'C:/Program Files/Unity/Hub/Editor/6000.2.2f1/Editor/Data/Managed'
Mono path[1] = 'C:/Program Files/Unity/Hub/Editor/6000.2.2f1/Editor/Data/MonoBleedingEdge/lib/mono/unityjit-win32'
Mono config path = 'C:/Program Files/Unity/Hub/Editor/6000.2.2f1/Editor/Data/MonoBleedingEdge/etc'
Using monoOptions --debugger-agent=transport=dt_socket,embedding=1,server=y,suspend=n,address=127.0.0.1:56536
Begin MonoManager ReloadAssembly
Registering precompiled unity dll's ...
Register platform support module: C:/Program Files/Unity/Hub/Editor/6000.2.2f1/Editor/Data/PlaybackEngines/WindowsStandaloneSupport/UnityEditor.WindowsStandalone.Extensions.dll
Registered in 0.002227 seconds.
- Loaded All Assemblies, in  0.453 seconds
Native extension for WindowsStandalone target not found
Mono: successfully reloaded assembly
- Finished resetting the current domain, in  0.327 seconds
Domain Reload Profiling: 777ms
	BeginReloadAssembly (147ms)
		ExecutionOrderSort (0ms)
		DisableScriptedObjects (0ms)
		BackupInstance (0ms)
		ReleaseScriptingObjects (0ms)
		CreateAndSetChildDomain (1ms)
	RebuildCommonClasses (41ms)
	RebuildNativeTypeToScriptingClass (15ms)
	initialDomainReloadingComplete (57ms)
	LoadAllAssembliesAndSetupDomain (190ms)
		LoadAssemblies (144ms)
		RebuildTransferFunctionScriptingTraits (0ms)
		AnalyzeDomain (187ms)
			TypeCache.Refresh (185ms)
				TypeCache.ScanAssembly (169ms)
			BuildScriptInfoCaches (0ms)
			ResolveRequiredComponents (0ms)
	FinalizeReload (327ms)
		ReleaseScriptCaches (0ms)
		RebuildScriptCaches (0ms)
		SetupLoadedEditorAssemblies (291ms)
			LogAssemblyErrors (0ms)
			InitializePlatformSupportModulesInManaged (50ms)
			SetLoadedEditorAssemblies (4ms)
			BeforeProcessingInitializeOnLoad (64ms)
			ProcessInitializeOnLoadAttributes (120ms)
			ProcessInitializeOnLoadMethodAttributes (53ms)
			AfterProcessingInitializeOnLoad (0ms)
			EditorAssembliesLoaded (0ms)
		ExecutionOrderSort2 (0ms)
		AwakeInstancesAfterBackupRestoration (0ms)
========================================================================
Worker process is ready to serve import requests
Import Worker Mode flag is 0x00
Begin MonoManager ReloadAssembly
[Licensing::Client] Successfully resolved entitlement details
[Licensing::Module] License group:
  Id: F4-ECVT-XFUU-PJV9-67Q5-XXXX
  Product: Unity Personal
  Type: ULF
  Expiration: Unlimited
[Licensing::Module] License group:
  Id: 1374591280911-UnityPersXXXX
  Product: Unity Personal
  Type: Assigned
  Expiration: Unlimited
- Loaded All Assemblies, in  0.874 seconds
Refreshing native plugins compatible for Editor in 1.27 ms, found 3 plugins.
Native extension for WindowsStandalone target not found
Package Manager log level set to [2]
[Package Manager] Failed to launch server process. Reason: Unity was launched with the -noUpm command-line argument
[Package Manager] Unable to send message (not connected to server process).
[Package Manager] Cannot connect to Unity Package Manager local server
The project currently uses the compatibility mode where the Render Graph API is disabled. Support for this mode will be removed in future Unity versions. Migrate existing ScriptableRenderPasses to the new RenderGraph API. After the migration, disable the compatibility mode in Edit > Projects Settings > Graphics > Render Graph.
UnityEngine.Debug:ExtractStackTraceNoAlloc (byte*,int,string)
UnityEngine.StackTraceUtility:ExtractStackTrace ()
UnityEngine.DebugLogHandler:Internal_Log (UnityEngine.LogType,UnityEngine.LogOption,string,UnityEngine.Object)
UnityEngine.DebugLogHandler:LogFormat (UnityEngine.LogType,UnityEngine.Object,string,object[])
UnityEngine.Logger:Log (UnityEngine.LogType,object)
UnityEngine.Debug:LogWarning (object)
UnityEngine.Rendering.Universal.WarnUsingNonRenderGraph:EmitConsoleWarning () (at ./Library/PackageCache/com.unity.render-pipelines.universal@a2829103b3d4/Runtime/Data/UniversalRenderPipelineAsset.cs:432)
System.Reflection.RuntimeMethodInfo:Invoke (object,System.Reflection.BindingFlags,System.Reflection.Binder,object[],System.Globalization.CultureInfo)
System.Reflection.MethodBase:Invoke (object,object[])
UnityEditor.EditorAssemblies:ProcessInitializeOnLoadMethodAttributes ()

(Filename: ./Library/PackageCache/com.unity.render-pipelines.universal@a2829103b3d4/Runtime/Data/UniversalRenderPipelineAsset.cs Line: 432)

Mono: successfully reloaded assembly
- Finished resetting the current domain, in  0.979 seconds
Domain Reload Profiling: 1850ms
	BeginReloadAssembly (200ms)
		ExecutionOrderSort (0ms)
		DisableScriptedObjects (6ms)
		BackupInstance (0ms)
		ReleaseScriptingObjects (0ms)
		CreateAndSetChildDomain (35ms)
	RebuildCommonClasses (52ms)
	RebuildNativeTypeToScriptingClass (14ms)
	initialDomainReloadingComplete (44ms)
	LoadAllAssembliesAndSetupDomain (561ms)
		LoadAssemblies (396ms)
		RebuildTransferFunctionScriptingTraits (0ms)
		AnalyzeDomain (277ms)
			TypeCache.Refresh (214ms)
				TypeCache.ScanAssembly (196ms)
			BuildScriptInfoCaches (48ms)
			ResolveRequiredComponents (11ms)
	FinalizeReload (980ms)
		ReleaseScriptCaches (0ms)
		RebuildScriptCaches (0ms)
		SetupLoadedEditorAssemblies (739ms)
			LogAssemblyErrors (0ms)
			InitializePlatformSupportModulesInManaged (2ms)
			SetLoadedEditorAssemblies (5ms)
			BeforeProcessingInitializeOnLoad (127ms)
			ProcessInitializeOnLoadAttributes (539ms)
			ProcessInitializeOnLoadMethodAttributes (57ms)
			AfterProcessingInitializeOnLoad (8ms)
			EditorAssembliesLoaded (0ms)
		ExecutionOrderSort2 (0ms)
		AwakeInstancesAfterBackupRestoration (6ms)
Launched and connected shader compiler UnityShaderCompiler.exe after 0.01 seconds
Refreshing native plugins compatible for Editor in 1.58 ms, found 3 plugins.
Preloading 0 native plugins for Editor in 0.00 ms.
Unloading 14 Unused Serialized files (Serialized files now loaded: 0)
Unloading 5964 unused Assets / (5.1 MB). Loaded Objects now: 6637.
Memory consumption went from 132.6 MB to 127.6 MB.
Total: 9.903600 ms (FindLiveObjects: 1.032700 ms CreateObjectMapping: 0.373200 ms MarkObjects: 5.540800 ms  DeleteObjects: 2.954900 ms)

========================================================================
Received Import Request.
  Time since last request: 564.392542 seconds.
  path: Assets/CC_CANOE_SCENE 1.unity
  artifactKey: Guid(17221a9b7537f984d889a660361875e2) Importer(815301076,1909f56bfc062723c751e8b465ee728b)
Start importing Assets/CC_CANOE_SCENE 1.unity using Guid(17221a9b7537f984d889a660361875e2) Importer(815301076,1909f56bfc062723c751e8b465ee728b) (PreviewImporter) -> (artifact id: 'cd67b558b043d3fe633a67807bb3d412') in 0.0062229 seconds
Number of updated asset objects reloaded before import = 0Number of asset objects unloaded after import = 0

========================================================================
Received Import Request.
  Time since last request: 4.352800 seconds.
  path: Assets/AnimePlate.unity
  artifactKey: Guid(17221a9b7537f984d889a660361875e2) Importer(815301076,1909f56bfc062723c751e8b465ee728b)
Start importing Assets/AnimePlate.unity using Guid(17221a9b7537f984d889a660361875e2) Importer(815301076,1909f56bfc062723c751e8b465ee728b) (PreviewImporter) -> (artifact id: '6ce8c4e2c437dd24b36397b6dc072eff') in 0.0005995 seconds
Number of updated asset objects reloaded before import = 0Number of asset objects unloaded after import = 0

========================================================================
Received Import Request.
  Time since last request: 414.320126 seconds.
  path: Assets/PanelImages
  artifactKey: Guid(ccef735056081e840b370aec28ccaa94) Importer(815301076,1909f56bfc062723c751e8b465ee728b)
Start importing Assets/PanelImages using Guid(ccef735056081e840b370aec28ccaa94) Importer(815301076,1909f56bfc062723c751e8b465ee728b) (PreviewImporter) -> (artifact id: '9911dbf3afd2ff62f4472fb68c0aaced') in 0.0008677 seconds
Number of updated asset objects reloaded before import = 0Number of asset objects unloaded after import = 0

========================================================================
Received Import Request.
  Time since last request: 9.308200 seconds.
  path: Assets/PanelImages/Vagabond
  artifactKey: Guid(b2f9169990e0b774691077347335687f) Importer(815301076,1909f56bfc062723c751e8b465ee728b)
Start importing Assets/PanelImages/Vagabond using Guid(b2f9169990e0b774691077347335687f) Importer(815301076,1909f56bfc062723c751e8b465ee728b) (PreviewImporter) -> (artifact id: '1a7ce65fff96076ddb80352052d4787e') in 0.0007887 seconds
Number of updated asset objects reloaded before import = 0Number of asset objects unloaded after import = 0

========================================================================
Received Import Request.
  Time since last request: 7.138562 seconds.
  path: Assets/PanelImages/Vagabond/ArtPanel_1.png
  artifactKey: Guid(280772c4ef63e024c9ddad4f1e173493) Importer(815301076,1909f56bfc062723c751e8b465ee728b)
Start importing Assets/PanelImages/Vagabond/ArtPanel_1.png using Guid(280772c4ef63e024c9ddad4f1e173493) Importer(815301076,1909f56bfc062723c751e8b465ee728b) (PreviewImporter) -> (artifact id: '41a08a9e4cae53036726cd996831548f') in 0.0641492 seconds
Number of updated asset objects reloaded before import = 0Number of asset objects unloaded after import = 2

========================================================================
Received Import Request.
  Time since last request: 0.000023 seconds.
  path: Assets/PanelImages/Vagabond/ArtPanel_3.png
  artifactKey: Guid(b6742e2cd1883c8469d1fe73ce07b162) Importer(815301076,1909f56bfc062723c751e8b465ee728b)
Start importing Assets/PanelImages/Vagabond/ArtPanel_3.png using Guid(b6742e2cd1883c8469d1fe73ce07b162) Importer(815301076,1909f56bfc062723c751e8b465ee728b) (PreviewImporter) -> (artifact id: 'cc0a5cb693c470a79e46543f8af1bef7') in 0.0149327 seconds
Number of updated asset objects reloaded before import = 0Number of asset objects unloaded after import = 2

========================================================================
Received Import Request.
  Time since last request: 0.000020 seconds.
  path: Assets/PanelImages/Vagabond/SwordHilt_2.png
  artifactKey: Guid(5ef3319467d644e4f96a16805b3aa1fe) Importer(815301076,1909f56bfc062723c751e8b465ee728b)
Start importing Assets/PanelImages/Vagabond/SwordHilt_2.png using Guid(5ef3319467d644e4f96a16805b3aa1fe) Importer(815301076,1909f56bfc062723c751e8b465ee728b) (PreviewImporter) -> (artifact id: '9e804d9f658f0256d4ecb7a304141a40') in 0.0149953 seconds
Number of updated asset objects reloaded before import = 0Number of asset objects unloaded after import = 2

========================================================================
Received Import Request.
  Time since last request: 13.767229 seconds.
  path: Assets/PanelImages/Vagabond/SwordHilt_2.png
  artifactKey: Guid(5ef3319467d644e4f96a16805b3aa1fe) Importer(815301076,1909f56bfc062723c751e8b465ee728b)
Start importing Assets/PanelImages/Vagabond/SwordHilt_2.png using Guid(5ef3319467d644e4f96a16805b3aa1fe) Importer(815301076,1909f56bfc062723c751e8b465ee728b) (PreviewImporter) -> (artifact id: '4864fe4da9db3ae22e1efa7ea4aa6743') in 0.0211957 seconds
Number of updated asset objects reloaded before import = 0Number of asset objects unloaded after import = 2

========================================================================
Received Import Request.
  Time since last request: 0.000024 seconds.
  path: Assets/PanelImages/Vagabond/ArtPanel_3.png
  artifactKey: Guid(b6742e2cd1883c8469d1fe73ce07b162) Importer(815301076,1909f56bfc062723c751e8b465ee728b)
Start importing Assets/PanelImages/Vagabond/ArtPanel_3.png using Guid(b6742e2cd1883c8469d1fe73ce07b162) Importer(815301076,1909f56bfc062723c751e8b465ee728b) (PreviewImporter) -> (artifact id: 'd2027dabddc5b18fd129278d3ebaa40a') in 0.0152004 seconds
Number of updated asset objects reloaded before import = 0Number of asset objects unloaded after import = 2

========================================================================
Received Import Request.
  Time since last request: 0.000030 seconds.
  path: Assets/PanelImages/Vagabond/ArtPanel_2.png
  artifactKey: Guid(207193331b1aeb04a99ca9b659440558) Importer(815301076,1909f56bfc062723c751e8b465ee728b)
Start importing Assets/PanelImages/Vagabond/ArtPanel_2.png using Guid(207193331b1aeb04a99ca9b659440558) Importer(815301076,1909f56bfc062723c751e8b465ee728b) (PreviewImporter) -> (artifact id: '8f34fdd3678329a171916eef693dd81a') in 0.0150471 seconds
Number of updated asset objects reloaded before import = 0Number of asset objects unloaded after import = 2

========================================================================
Received Import Request.
  Time since last request: 1318.422440 seconds.
  path: Assets/PanelImages/Vagabond/Lady_In_Kimono_1.jpg
  artifactKey: Guid(ddb15f2dd870da5448e9692d351f2eac) Importer(815301076,1909f56bfc062723c751e8b465ee728b)
Start importing Assets/PanelImages/Vagabond/Lady_In_Kimono_1.jpg using Guid(ddb15f2dd870da5448e9692d351f2eac) Importer(815301076,1909f56bfc062723c751e8b465ee728b) (PreviewImporter) -> (artifact id: '94c6bcfcf3eeac9dba853fc404fe8dd5') in 0.0170034 seconds
Number of updated asset objects reloaded before import = 0Number of asset objects unloaded after import = 2

========================================================================
Received Import Request.
  Time since last request: 2.687280 seconds.
  path: Assets/PanelImages/Vagabond/Lady_In_Kimono_2.png
  artifactKey: Guid(c5357b63177a74a40838edaed8c9872e) Importer(815301076,1909f56bfc062723c751e8b465ee728b)
Start importing Assets/PanelImages/Vagabond/Lady_In_Kimono_2.png using Guid(c5357b63177a74a40838edaed8c9872e) Importer(815301076,1909f56bfc062723c751e8b465ee728b) (PreviewImporter) -> (artifact id: '0d9ab9248e4119a4bab4131f2ce8ba65') in 0.015969 seconds
Number of updated asset objects reloaded before import = 0Number of asset objects unloaded after import = 2

========================================================================
Received Import Request.
  Time since last request: 28.798477 seconds.
  path: Assets/PanelImages/Vagabond/Lady_In_Kimono_2.png
  artifactKey: Guid(c5357b63177a74a40838edaed8c9872e) Importer(815301076,1909f56bfc062723c751e8b465ee728b)
Start importing Assets/PanelImages/Vagabond/Lady_In_Kimono_2.png using Guid(c5357b63177a74a40838edaed8c9872e) Importer(815301076,1909f56bfc062723c751e8b465ee728b) (PreviewImporter) -> (artifact id: 'b4ebe55989fcb51f7ff41a82e8d2c759') in 0.0554341 seconds
Number of updated asset objects reloaded before import = 0Number of asset objects unloaded after import = 2

========================================================================
Received Import Request.
  Time since last request: 1557.381643 seconds.
  path: Assets/PanelImages/Vagabond/Lady_In_Kimono_3.png
  artifactKey: Guid(54fdb9c1c10dc844f8890b6c32a73a13) Importer(815301076,1909f56bfc062723c751e8b465ee728b)
Start importing Assets/PanelImages/Vagabond/Lady_In_Kimono_3.png using Guid(54fdb9c1c10dc844f8890b6c32a73a13) Importer(815301076,1909f56bfc062723c751e8b465ee728b) (PreviewImporter) -> (artifact id: 'be82d64c8d6136caab286e46f509bff4') in 0.0405712 seconds
Number of updated asset objects reloaded before import = 0Number of asset objects unloaded after import = 2

========================================================================
Received Import Request.
  Time since last request: 7.951750 seconds.
  path: Assets/PanelImages/Vagabond/Lady_In_Kimono_3.png
  artifactKey: Guid(54fdb9c1c10dc844f8890b6c32a73a13) Importer(815301076,1909f56bfc062723c751e8b465ee728b)
Start importing Assets/PanelImages/Vagabond/Lady_In_Kimono_3.png using Guid(54fdb9c1c10dc844f8890b6c32a73a13) Importer(815301076,1909f56bfc062723c751e8b465ee728b) (PreviewImporter) -> (artifact id: '053217487b62884a8ec0c3967e3a7eef') in 0.0148331 seconds
Number of updated asset objects reloaded before import = 0Number of asset objects unloaded after import = 2

========================================================================
Received Import Request.
  Time since last request: 396.633906 seconds.
  path: Assets
  artifactKey: Guid(00000000000000001000000000000000) Importer(815301076,1909f56bfc062723c751e8b465ee728b)
Start importing Assets using Guid(00000000000000001000000000000000) Importer(815301076,1909f56bfc062723c751e8b465ee728b) (PreviewImporter) -> (artifact id: '22eb903b6b603362be3cfb962ad1dab8') in 0.0006765 seconds
Number of updated asset objects reloaded before import = 0Number of asset objects unloaded after import = 0

========================================================================
Received Import Request.
  Time since last request: 4.963488 seconds.
  path: Assets/Music
  artifactKey: Guid(27b3e97c8c228c44ab7201203b8c125b) Importer(815301076,1909f56bfc062723c751e8b465ee728b)
Start importing Assets/Music using Guid(27b3e97c8c228c44ab7201203b8c125b) Importer(815301076,1909f56bfc062723c751e8b465ee728b) (PreviewImporter) -> (artifact id: '0c199c7503e90f4ded47de29175c2b99') in 0.0006255 seconds
Number of updated asset objects reloaded before import = 0Number of asset objects unloaded after import = 0

========================================================================
Received Import Request.
  Time since last request: 48.646494 seconds.
  path: Assets/Music/the_most_peaceful_samurai_music_youve_never_heard___ambient_music_for_deep_relaxation__healing.wav
  artifactKey: Guid(49f706e80ef1ad747ba7ef7cbf326175) Importer(815301076,1909f56bfc062723c751e8b465ee728b)
Start importing Assets/Music/the_most_peaceful_samurai_music_youve_never_heard___ambient_music_for_deep_relaxation__healing.wav using Guid(49f706e80ef1ad747ba7ef7cbf326175) Importer(815301076,1909f56bfc062723c751e8b465ee728b) (PreviewImporter) -> (artifact id: 'd34fa79a96ed4e76d38fa88553e08be3') in 0.1629925 seconds
Number of updated asset objects reloaded before import = 0Number of asset objects unloaded after import = 2

========================================================================
Received Import Request.
  Time since last request: 222.179377 seconds.
  path: Assets/PanelImages/Vagabond/Enlightenment_1.jpg
  artifactKey: Guid(f4564ade27693c64b91787339e664693) Importer(815301076,1909f56bfc062723c751e8b465ee728b)
Start importing Assets/PanelImages/Vagabond/Enlightenment_1.jpg using Guid(f4564ade27693c64b91787339e664693) Importer(815301076,1909f56bfc062723c751e8b465ee728b) (PreviewImporter) -> (artifact id: '98bf298331be6dddfbe75294d7ba505e') in 0.0199929 seconds
Number of updated asset objects reloaded before import = 0Number of asset objects unloaded after import = 2

========================================================================
Received Import Request.
  Time since last request: 24.825473 seconds.
  path: Assets/PanelImages/Vagabond/Enlightenment_2.jpg
  artifactKey: Guid(6ba6396f9970d1d4ea1e14d8473d7f38) Importer(815301076,1909f56bfc062723c751e8b465ee728b)
Start importing Assets/PanelImages/Vagabond/Enlightenment_2.jpg using Guid(6ba6396f9970d1d4ea1e14d8473d7f38) Importer(815301076,1909f56bfc062723c751e8b465ee728b) (PreviewImporter) -> (artifact id: '2bd0ae270651390cabffe99051d47172') in 0.0701962 seconds
Number of updated asset objects reloaded before import = 0Number of asset objects unloaded after import = 2

